c:\users\mhy\source\repos\smp\smp\x64\release\mylabel.obj
c:\users\mhy\source\repos\smp\smp\x64\release\common.obj
c:\users\mhy\source\repos\smp\smp\x64\release\moc_imagewindow.obj
c:\users\mhy\source\repos\smp\smp\x64\release\moc_smp.obj
c:\users\mhy\source\repos\smp\smp\x64\release\moc_mylabel.obj
c:\users\mhy\source\repos\smp\smp\x64\release\moc_common.obj
c:\users\mhy\source\repos\smp\smp\x64\release\imagewindow.obj
c:\users\mhy\source\repos\smp\smp\x64\release\main.obj
c:\users\mhy\source\repos\smp\smp\x64\release\smp.obj
c:\users\mhy\source\repos\smp\smp\x64\release\station.obj
c:\users\mhy\source\repos\smp\smp\x64\release\vc141.pdb
c:\users\mhy\source\repos\smp\smp\x64\release\qrc_smp.obj
c:\users\mhy\source\repos\smp\smp\x64\release\moc_station.obj
c:\users\mhy\source\repos\smp\x64\release\smp.exe
c:\users\mhy\source\repos\smp\x64\release\smp.ilk
c:\users\mhy\source\repos\smp\x64\release\smp.pdb
c:\users\mhy\source\repos\smp\smp\x64\release\moc\moc_smp.cpp
c:\users\mhy\source\repos\smp\smp\x64\release\moc\moc_common.cpp
c:\users\mhy\source\repos\smp\smp\x64\release\moc\moc_imagewindow.cpp
c:\users\mhy\source\repos\smp\smp\x64\release\moc\moc_mylabel.cpp
c:\users\mhy\source\repos\smp\smp\x64\release\moc\moc_station.cpp
c:\users\mhy\source\repos\smp\smp\x64\release\rcc\qrc_smp.cpp
c:\users\mhy\source\repos\smp\smp\x64\release\uic\ui_imagewindow.h
c:\users\mhy\source\repos\smp\smp\x64\release\uic\ui_smp.h
c:\users\mhy\source\repos\smp\smp\x64\release\uic\ui_station.h
c:\users\mhy\source\repos\smp\smp\x64\release\smp.tlog\cl.command.1.tlog
c:\users\mhy\source\repos\smp\smp\x64\release\smp.tlog\cl.read.1.tlog
c:\users\mhy\source\repos\smp\smp\x64\release\smp.tlog\cl.write.1.tlog
c:\users\mhy\source\repos\smp\smp\x64\release\smp.tlog\link.command.1.tlog
c:\users\mhy\source\repos\smp\smp\x64\release\smp.tlog\link.read.1.tlog
c:\users\mhy\source\repos\smp\smp\x64\release\smp.tlog\link.write.1.tlog
c:\users\mhy\source\repos\smp\smp\x64\release\smp.tlog\moc.read.1u.tlog
c:\users\mhy\source\repos\smp\smp\x64\release\smp.tlog\moc.write.1u.tlog
c:\users\mhy\source\repos\smp\smp\x64\release\smp.tlog\rcc.read.1u.tlog
c:\users\mhy\source\repos\smp\smp\x64\release\smp.tlog\rcc.write.1u.tlog
c:\users\mhy\source\repos\smp\smp\x64\release\smp.tlog\smp.write.1u.tlog
c:\users\mhy\source\repos\smp\smp\x64\release\smp.tlog\uic.read.1u.tlog
c:\users\mhy\source\repos\smp\smp\x64\release\smp.tlog\uic.write.1u.tlog
